<?xml version="1.0" encoding="UTF-8"?>
<!-- Generated by org.testng.reporters.JUnitReportReporter -->
<testsuite skipped="0" hostname="DESKTOP-R0517D8" name="com.w2a.testcases.LoginTest" tests="1" failures="0" timestamp="20 Sep 2018 04:44:06 GMT" time="3.062" errors="0">
  <testcase name="loginAsBankManager" time="3.062" classname="com.w2a.testcases.LoginTest"/>
</testsuite> <!-- com.w2a.testcases.LoginTest -->
